This file contains any messages produced by compilers while
running configure, to aid debugging if configure makes a mistake.

It was created by lttng-ust configure 2.15.0-pre, which was
generated by GNU Autoconf 2.71.  Invocation command line was

  $ ./configure --with-static=liblttng-ust

## --------- ##
## Platform. ##
## --------- ##

hostname = b9243482477c
uname -m = x86_64
uname -r = 6.12.27-1rodete1-amd64
uname -s = Linux
uname -v = #1 SMP PREEMPT_DYNAMIC Debian 6.12.27-1rodete1 (2025-05-19)

/usr/bin/uname -p = x86_64
/bin/uname -X     = unknown

/bin/arch              = x86_64
/usr/bin/arch -k       = unknown
/usr/convex/getsysinfo = unknown
/usr/bin/hostinfo      = unknown
/bin/machine           = unknown
/usr/bin/oslevel       = unknown
/bin/universe          = unknown

PATH: /home/ros/workspaces/ros-central-registry/workspace/install/ros2cli/bin/
PATH: /home/ros/workspaces/ros-central-registry/workspace/install/ament_uncrustify/bin/
PATH: /home/ros/workspaces/ros-central-registry/workspace/install/rosidl_cli/bin/
PATH: /home/ros/workspaces/ros-central-registry/workspace/install/launch_testing/bin/
PATH: /home/ros/workspaces/ros-central-registry/workspace/install/cyclonedds/bin/
PATH: /home/ros/workspaces/ros-central-registry/workspace/install/iceoryx_posh/bin/
PATH: /home/ros/workspaces/ros-central-registry/workspace/install/fastdds/bin/
PATH: /home/ros/workspaces/ros-central-registry/workspace/install/foonathan_memory_vendor/bin/
PATH: /home/ros/workspaces/ros-central-registry/workspace/install/ament_xmllint/bin/
PATH: /home/ros/workspaces/ros-central-registry/workspace/install/ament_pycodestyle/bin/
PATH: /home/ros/workspaces/ros-central-registry/workspace/install/ament_pep257/bin/
PATH: /home/ros/workspaces/ros-central-registry/workspace/install/ament_mypy/bin/
PATH: /home/ros/workspaces/ros-central-registry/workspace/install/ament_lint_cmake/bin/
PATH: /home/ros/workspaces/ros-central-registry/workspace/install/ament_flake8/bin/
PATH: /home/ros/workspaces/ros-central-registry/workspace/install/ament_copyright/bin/
PATH: /home/ros/workspaces/ros-central-registry/workspace/install/ament_index_python/bin/
PATH: /home/ros/workspaces/ros-central-registry/workspace/install/ament_cpplint/bin/
PATH: /home/ros/workspaces/ros-central-registry/workspace/install/ament_cppcheck/bin/
PATH: /usr/local/bin/
PATH: /vscode/vscode-server/bin/linux-x64/7adae6a56e34cb64d08899664b814cf620465925/bin/remote-cli/
PATH: /home/ros/.local/share/pnpm/
PATH: /usr/local/bin/
PATH: /usr/local/sbin/
PATH: /usr/local/bin/
PATH: /usr/sbin/
PATH: /usr/bin/
PATH: /sbin/
PATH: /bin/
PATH: /home/ros/.vscode-server/extensions/ms-python.debugpy-2025.10.0-linux-x64/bundled/scripts/noConfigScripts/
PATH: /home/ros/.vscode-server/data/User/globalStorage/github.copilot-chat/debugCommand/


## ----------- ##
## Core tests. ##
## ----------- ##

configure:3211: looking for aux files: ltmain.sh ar-lib compile missing install-sh config.guess config.sub
configure:3224:  trying ./config/
configure:3253:   ./config/ltmain.sh found
configure:3253:   ./config/ar-lib found
configure:3253:   ./config/compile found
configure:3253:   ./config/missing found
configure:3235:   ./config/install-sh found
configure:3253:   ./config/config.guess found
configure:3253:   ./config/config.sub found
configure:3377: checking build system type
configure:3392: result: x86_64-pc-linux-gnu
configure:3412: checking host system type
configure:3426: result: x86_64-pc-linux-gnu
configure:3446: checking target system type
configure:3460: result: x86_64-pc-linux-gnu
configure:3510: checking for a BSD-compatible install
configure:3583: result: /usr/bin/install -c
configure:3594: checking whether build environment is sane
configure:3649: result: yes
configure:3808: checking for a race-free mkdir -p
configure:3852: result: /usr/bin/mkdir -p
configure:3859: checking for gawk
configure:3894: result: no
configure:3859: checking for mawk
configure:3880: found /usr/bin/mawk
configure:3891: result: mawk
configure:3902: checking whether make sets $(MAKE)
configure:3925: result: yes
configure:3955: checking whether make supports nested variables
configure:3973: result: yes
configure:4058: checking whether UID '1468527' is supported by ustar format
configure:4061: result: yes
configure:4068: checking whether GID '89939' is supported by ustar format
configure:4071: result: yes
configure:4079: checking how to create a ustar tar archive
configure:4090: tar --version
tar (GNU tar) 1.35
Copyright (C) 2023 Free Software Foundation, Inc.
License GPLv3+: GNU GPL version 3 or later <https://gnu.org/licenses/gpl.html>.
This is free software: you are free to change and redistribute it.
There is NO WARRANTY, to the extent permitted by law.

Written by John Gilmore and Jay Fenlason.
configure:4093: $? = 0
configure:4133: tardir=conftest.dir && eval tar --format=ustar -chf - "$tardir" >conftest.tar
configure:4136: $? = 0
configure:4140: tar -xf - <conftest.tar
configure:4143: $? = 0
configure:4145: cat conftest.dir/file
GrepMe
configure:4148: $? = 0
configure:4162: result: gnutar
configure:4227: checking whether to enable maintainer-specific portions of Makefiles
configure:4237: result: yes
configure:4264: checking whether make supports nested variables
configure:4282: result: yes
configure:4414: checking for gcc
configure:4435: found /usr/local/bin/gcc
configure:4446: result: gcc
configure:4799: checking for C compiler version
configure:4808: gcc --version >&5
gcc (Ubuntu 13.3.0-6ubuntu2~24.04) 13.3.0
Copyright (C) 2023 Free Software Foundation, Inc.
This is free software; see the source for copying conditions.  There is NO
warranty; not even for MERCHANTABILITY or FITNESS FOR A PARTICULAR PURPOSE.

configure:4819: $? = 0
configure:4808: gcc -v >&5
Using built-in specs.
COLLECT_GCC=gcc
COLLECT_LTO_WRAPPER=/usr/libexec/gcc/x86_64-linux-gnu/13/lto-wrapper
OFFLOAD_TARGET_NAMES=nvptx-none:amdgcn-amdhsa
OFFLOAD_TARGET_DEFAULT=1
Target: x86_64-linux-gnu
Configured with: ../src/configure -v --with-pkgversion='Ubuntu 13.3.0-6ubuntu2~24.04' --with-bugurl=file:///usr/share/doc/gcc-13/README.Bugs --enable-languages=c,ada,c++,go,d,fortran,objc,obj-c++,m2 --prefix=/usr --with-gcc-major-version-only --program-suffix=-13 --program-prefix=x86_64-linux-gnu- --enable-shared --enable-linker-build-id --libexecdir=/usr/libexec --without-included-gettext --enable-threads=posix --libdir=/usr/lib --enable-nls --enable-bootstrap --enable-clocale=gnu --enable-libstdcxx-debug --enable-libstdcxx-time=yes --with-default-libstdcxx-abi=new --enable-libstdcxx-backtrace --enable-gnu-unique-object --disable-vtable-verify --enable-plugin --enable-default-pie --with-system-zlib --enable-libphobos-checking=release --with-target-system-zlib=auto --enable-objc-gc=auto --enable-multiarch --disable-werror --enable-cet --with-arch-32=i686 --with-abi=m64 --with-multilib-list=m32,m64,mx32 --enable-multilib --with-tune=generic --enable-offload-targets=nvptx-none=/build/gcc-13-fG75Ri/gcc-13-13.3.0/debian/tmp-nvptx/usr,amdgcn-amdhsa=/build/gcc-13-fG75Ri/gcc-13-13.3.0/debian/tmp-gcn/usr --enable-offload-defaulted --without-cuda-driver --enable-checking=release --build=x86_64-linux-gnu --host=x86_64-linux-gnu --target=x86_64-linux-gnu --with-build-config=bootstrap-lto-lean --enable-link-serialization=2
Thread model: posix
Supported LTO compression algorithms: zlib zstd
gcc version 13.3.0 (Ubuntu 13.3.0-6ubuntu2~24.04) 
... rest of stderr output deleted ...
configure:4819: $? = 0
configure:4808: gcc -V >&5
gcc: error: unrecognized command-line option '-V'
gcc: fatal error: no input files
compilation terminated.
configure:4819: $? = 1
configure:4808: gcc -qversion >&5
gcc: error: unrecognized command-line option '-qversion'; did you mean '--version'?
gcc: fatal error: no input files
compilation terminated.
configure:4819: $? = 1
configure:4808: gcc -version >&5
gcc: error: unrecognized command-line option '-version'
gcc: fatal error: no input files
compilation terminated.
configure:4819: $? = 1
configure:4839: checking whether the C compiler works
configure:4861: gcc    conftest.c  >&5
configure:4865: $? = 0
configure:4915: result: yes
configure:4918: checking for C compiler default output file name
configure:4920: result: a.out
configure:4926: checking for suffix of executables
configure:4933: gcc -o conftest    conftest.c  >&5
configure:4937: $? = 0
configure:4960: result: 
configure:4982: checking whether we are cross compiling
configure:4990: gcc -o conftest    conftest.c  >&5
configure:4994: $? = 0
configure:5001: ./conftest
configure:5005: $? = 0
configure:5020: result: no
configure:5025: checking for suffix of object files
configure:5048: gcc -c   conftest.c >&5
configure:5052: $? = 0
configure:5074: result: o
configure:5078: checking whether the compiler supports GNU C
configure:5098: gcc -c   conftest.c >&5
configure:5098: $? = 0
configure:5108: result: yes
configure:5119: checking whether gcc accepts -g
configure:5140: gcc -c -g  conftest.c >&5
configure:5140: $? = 0
configure:5184: result: yes
configure:5204: checking for gcc option to enable C11 features
configure:5219: gcc  -c -g -O2  conftest.c >&5
configure:5219: $? = 0
configure:5237: result: none needed
configure:5353: checking whether gcc understands -c and -o together
configure:5376: gcc -c conftest.c -o conftest2.o
configure:5379: $? = 0
configure:5376: gcc -c conftest.c -o conftest2.o
configure:5379: $? = 0
configure:5391: result: yes
configure:5411: checking whether make supports the include directive
configure:5426: make -f confmf.GNU && cat confinc.out
this is the am__doit target
configure:5429: $? = 0
configure:5448: result: yes (GNU style)
configure:5474: checking dependency style of gcc
configure:5586: result: gcc3
configure:5616: checking for stdio.h
configure:5616: gcc -c -g -O2  conftest.c >&5
configure:5616: $? = 0
configure:5616: result: yes
configure:5616: checking for stdlib.h
configure:5616: gcc -c -g -O2  conftest.c >&5
configure:5616: $? = 0
configure:5616: result: yes
configure:5616: checking for string.h
configure:5616: gcc -c -g -O2  conftest.c >&5
configure:5616: $? = 0
configure:5616: result: yes
configure:5616: checking for inttypes.h
configure:5616: gcc -c -g -O2  conftest.c >&5
configure:5616: $? = 0
configure:5616: result: yes
configure:5616: checking for stdint.h
configure:5616: gcc -c -g -O2  conftest.c >&5
configure:5616: $? = 0
configure:5616: result: yes
configure:5616: checking for strings.h
configure:5616: gcc -c -g -O2  conftest.c >&5
configure:5616: $? = 0
configure:5616: result: yes
configure:5616: checking for sys/stat.h
configure:5616: gcc -c -g -O2  conftest.c >&5
configure:5616: $? = 0
configure:5616: result: yes
configure:5616: checking for sys/types.h
configure:5616: gcc -c -g -O2  conftest.c >&5
configure:5616: $? = 0
configure:5616: result: yes
configure:5616: checking for unistd.h
configure:5616: gcc -c -g -O2  conftest.c >&5
configure:5616: $? = 0
configure:5616: result: yes
configure:5616: checking for wchar.h
configure:5616: gcc -c -g -O2  conftest.c >&5
configure:5616: $? = 0
configure:5616: result: yes
configure:5616: checking for minix/config.h
configure:5616: gcc -c -g -O2  conftest.c >&5
conftest.c:49:10: fatal error: minix/config.h: No such file or directory
   49 | #include <minix/config.h>
      |          ^~~~~~~~~~~~~~~~
compilation terminated.
configure:5616: $? = 1
configure: failed program was:
| /* confdefs.h */
| #define PACKAGE_NAME "lttng-ust"
| #define PACKAGE_TARNAME "lttng-ust"
| #define PACKAGE_VERSION "2.15.0-pre"
| #define PACKAGE_STRING "lttng-ust 2.15.0-pre"
| #define PACKAGE_BUGREPORT "mathieu dot desnoyers at efficios dot com"
| #define PACKAGE_URL "https://lttng.org"
| #define PACKAGE "lttng-ust"
| #define VERSION "2.15.0-pre"
| #define HAVE_STDIO_H 1
| #define HAVE_STDLIB_H 1
| #define HAVE_STRING_H 1
| #define HAVE_INTTYPES_H 1
| #define HAVE_STDINT_H 1
| #define HAVE_STRINGS_H 1
| #define HAVE_SYS_STAT_H 1
| #define HAVE_SYS_TYPES_H 1
| #define HAVE_UNISTD_H 1
| #define HAVE_WCHAR_H 1
| /* end confdefs.h.  */
| #include <stddef.h>
| #ifdef HAVE_STDIO_H
| # include <stdio.h>
| #endif
| #ifdef HAVE_STDLIB_H
| # include <stdlib.h>
| #endif
| #ifdef HAVE_STRING_H
| # include <string.h>
| #endif
| #ifdef HAVE_INTTYPES_H
| # include <inttypes.h>
| #endif
| #ifdef HAVE_STDINT_H
| # include <stdint.h>
| #endif
| #ifdef HAVE_STRINGS_H
| # include <strings.h>
| #endif
| #ifdef HAVE_SYS_TYPES_H
| # include <sys/types.h>
| #endif
| #ifdef HAVE_SYS_STAT_H
| # include <sys/stat.h>
| #endif
| #ifdef HAVE_UNISTD_H
| # include <unistd.h>
| #endif
| #include <minix/config.h>
configure:5616: result: no
configure:5616: checking for vfork.h
configure:5616: gcc -c -g -O2  conftest.c >&5
conftest.c:49:10: fatal error: vfork.h: No such file or directory
   49 | #include <vfork.h>
      |          ^~~~~~~~~
compilation terminated.
configure:5616: $? = 1
configure: failed program was:
| /* confdefs.h */
| #define PACKAGE_NAME "lttng-ust"
| #define PACKAGE_TARNAME "lttng-ust"
| #define PACKAGE_VERSION "2.15.0-pre"
| #define PACKAGE_STRING "lttng-ust 2.15.0-pre"
| #define PACKAGE_BUGREPORT "mathieu dot desnoyers at efficios dot com"
| #define PACKAGE_URL "https://lttng.org"
| #define PACKAGE "lttng-ust"
| #define VERSION "2.15.0-pre"
| #define HAVE_STDIO_H 1
| #define HAVE_STDLIB_H 1
| #define HAVE_STRING_H 1
| #define HAVE_INTTYPES_H 1
| #define HAVE_STDINT_H 1
| #define HAVE_STRINGS_H 1
| #define HAVE_SYS_STAT_H 1
| #define HAVE_SYS_TYPES_H 1
| #define HAVE_UNISTD_H 1
| #define HAVE_WCHAR_H 1
| /* end confdefs.h.  */
| #include <stddef.h>
| #ifdef HAVE_STDIO_H
| # include <stdio.h>
| #endif
| #ifdef HAVE_STDLIB_H
| # include <stdlib.h>
| #endif
| #ifdef HAVE_STRING_H
| # include <string.h>
| #endif
| #ifdef HAVE_INTTYPES_H
| # include <inttypes.h>
| #endif
| #ifdef HAVE_STDINT_H
| # include <stdint.h>
| #endif
| #ifdef HAVE_STRINGS_H
| # include <strings.h>
| #endif
| #ifdef HAVE_SYS_TYPES_H
| # include <sys/types.h>
| #endif
| #ifdef HAVE_SYS_STAT_H
| # include <sys/stat.h>
| #endif
| #ifdef HAVE_UNISTD_H
| # include <unistd.h>
| #endif
| #include <vfork.h>
configure:5616: result: no
configure:5616: checking for sys/param.h
configure:5616: gcc -c -g -O2  conftest.c >&5
configure:5616: $? = 0
configure:5616: result: yes
configure:5647: checking whether it is safe to define __EXTENSIONS__
configure:5666: gcc -c -g -O2  conftest.c >&5
configure:5666: $? = 0
configure:5674: result: yes
configure:5677: checking whether _XOPEN_SOURCE should be defined
configure:5699: gcc -c -g -O2  conftest.c >&5
configure:5699: $? = 0
configure:5726: result: no
configure:5790: checking for special C compiler options needed for large files
configure:5838: result: no
configure:5844: checking for _FILE_OFFSET_BITS value needed for large files
configure:5870: gcc -c -g -O2  conftest.c >&5
configure:5870: $? = 0
configure:5904: result: no
configure:5989: checking for __attribute__
configure:6012: gcc -c -g -O2  conftest.c >&5
configure:6012: $? = 0
configure:6022: result: yes
configure:6036: checking for a sed that does not truncate output
configure:6106: result: /usr/bin/sed
configure:6116: checking how to run the C preprocessor
configure:6142: gcc -E  conftest.c
configure:6142: $? = 0
configure:6157: gcc -E  conftest.c
conftest.c:40:10: fatal error: ac_nonexistent.h: No such file or directory
   40 | #include <ac_nonexistent.h>
      |          ^~~~~~~~~~~~~~~~~~
compilation terminated.
configure:6157: $? = 1
configure: failed program was:
| /* confdefs.h */
| #define PACKAGE_NAME "lttng-ust"
| #define PACKAGE_TARNAME "lttng-ust"
| #define PACKAGE_VERSION "2.15.0-pre"
| #define PACKAGE_STRING "lttng-ust 2.15.0-pre"
| #define PACKAGE_BUGREPORT "mathieu dot desnoyers at efficios dot com"
| #define PACKAGE_URL "https://lttng.org"
| #define PACKAGE "lttng-ust"
| #define VERSION "2.15.0-pre"
| #define HAVE_STDIO_H 1
| #define HAVE_STDLIB_H 1
| #define HAVE_STRING_H 1
| #define HAVE_INTTYPES_H 1
| #define HAVE_STDINT_H 1
| #define HAVE_STRINGS_H 1
| #define HAVE_SYS_STAT_H 1
| #define HAVE_SYS_TYPES_H 1
| #define HAVE_UNISTD_H 1
| #define HAVE_WCHAR_H 1
| #define HAVE_SYS_PARAM_H 1
| #define STDC_HEADERS 1
| #define _ALL_SOURCE 1
| #define _DARWIN_C_SOURCE 1
| #define _GNU_SOURCE 1
| #define _HPUX_ALT_XOPEN_SOCKET_API 1
| #define _NETBSD_SOURCE 1
| #define _OPENBSD_SOURCE 1
| #define _POSIX_PTHREAD_SEMANTICS 1
| #define __STDC_WANT_IEC_60559_ATTRIBS_EXT__ 1
| #define __STDC_WANT_IEC_60559_BFP_EXT__ 1
| #define __STDC_WANT_IEC_60559_DFP_EXT__ 1
| #define __STDC_WANT_IEC_60559_FUNCS_EXT__ 1
| #define __STDC_WANT_IEC_60559_TYPES_EXT__ 1
| #define __STDC_WANT_LIB_EXT2__ 1
| #define __STDC_WANT_MATH_SPEC_FUNCS__ 1
| #define _TANDEM_SOURCE 1
| #define __EXTENSIONS__ 1
| #define HAVE___ATTRIBUTE__ 1
| /* end confdefs.h.  */
| #include <ac_nonexistent.h>
configure:6184: result: gcc -E
configure:6198: gcc -E  conftest.c
configure:6198: $? = 0
configure:6213: gcc -E  conftest.c
conftest.c:40:10: fatal error: ac_nonexistent.h: No such file or directory
   40 | #include <ac_nonexistent.h>
      |          ^~~~~~~~~~~~~~~~~~
compilation terminated.
configure:6213: $? = 1
configure: failed program was:
| /* confdefs.h */
| #define PACKAGE_NAME "lttng-ust"
| #define PACKAGE_TARNAME "lttng-ust"
| #define PACKAGE_VERSION "2.15.0-pre"
| #define PACKAGE_STRING "lttng-ust 2.15.0-pre"
| #define PACKAGE_BUGREPORT "mathieu dot desnoyers at efficios dot com"
| #define PACKAGE_URL "https://lttng.org"
| #define PACKAGE "lttng-ust"
| #define VERSION "2.15.0-pre"
| #define HAVE_STDIO_H 1
| #define HAVE_STDLIB_H 1
| #define HAVE_STRING_H 1
| #define HAVE_INTTYPES_H 1
| #define HAVE_STDINT_H 1
| #define HAVE_STRINGS_H 1
| #define HAVE_SYS_STAT_H 1
| #define HAVE_SYS_TYPES_H 1
| #define HAVE_UNISTD_H 1
| #define HAVE_WCHAR_H 1
| #define HAVE_SYS_PARAM_H 1
| #define STDC_HEADERS 1
| #define _ALL_SOURCE 1
| #define _DARWIN_C_SOURCE 1
| #define _GNU_SOURCE 1
| #define _HPUX_ALT_XOPEN_SOCKET_API 1
| #define _NETBSD_SOURCE 1
| #define _OPENBSD_SOURCE 1
| #define _POSIX_PTHREAD_SEMANTICS 1
| #define __STDC_WANT_IEC_60559_ATTRIBS_EXT__ 1
| #define __STDC_WANT_IEC_60559_BFP_EXT__ 1
| #define __STDC_WANT_IEC_60559_DFP_EXT__ 1
| #define __STDC_WANT_IEC_60559_FUNCS_EXT__ 1
| #define __STDC_WANT_IEC_60559_TYPES_EXT__ 1
| #define __STDC_WANT_LIB_EXT2__ 1
| #define __STDC_WANT_MATH_SPEC_FUNCS__ 1
| #define _TANDEM_SOURCE 1
| #define __EXTENSIONS__ 1
| #define HAVE___ATTRIBUTE__ 1
| /* end confdefs.h.  */
| #include <ac_nonexistent.h>
configure:6244: checking for grep that handles long lines and -e
configure:6308: result: /usr/bin/grep
configure:6313: checking for egrep
configure:6381: result: /usr/bin/grep -E
configure:6546: checking whether gcc is Clang
configure:6573: result: no
configure:6638: checking whether pthreads work with "-pthread" and "-lpthread"
configure:6749: gcc -o conftest -g -O2 -pthread   conftest.c -lpthread  >&5

## ---------------- ##
## Cache variables. ##
## ---------------- ##

ac_cv_build=x86_64-pc-linux-gnu
ac_cv_c_compiler_gnu=yes
ac_cv_env_CCC_set=
ac_cv_env_CCC_value=
ac_cv_env_CC_set=
ac_cv_env_CC_value=
ac_cv_env_CFLAGS_set=
ac_cv_env_CFLAGS_value=
ac_cv_env_CLASSPATH_set=
ac_cv_env_CLASSPATH_value=
ac_cv_env_CPPFLAGS_set=
ac_cv_env_CPPFLAGS_value=
ac_cv_env_CPP_set=
ac_cv_env_CPP_value=
ac_cv_env_CXXCPP_set=
ac_cv_env_CXXCPP_value=
ac_cv_env_CXXFLAGS_set=
ac_cv_env_CXXFLAGS_value=
ac_cv_env_CXX_set=
ac_cv_env_CXX_value=
ac_cv_env_JAVACFLAGS_set=
ac_cv_env_JAVACFLAGS_value=
ac_cv_env_JAVAC_set=
ac_cv_env_JAVAC_value=
ac_cv_env_JAVAFLAGS_set=
ac_cv_env_JAVAFLAGS_value=
ac_cv_env_JAVAPREFIX_set=
ac_cv_env_JAVAPREFIX_value=
ac_cv_env_JAVA_set=
ac_cv_env_JAVA_value=
ac_cv_env_LDFLAGS_set=
ac_cv_env_LDFLAGS_value=
ac_cv_env_LIBS_set=
ac_cv_env_LIBS_value=
ac_cv_env_LT_SYS_LIBRARY_PATH_set=
ac_cv_env_LT_SYS_LIBRARY_PATH_value=
ac_cv_env_PKG_CONFIG_LIBDIR_set=
ac_cv_env_PKG_CONFIG_LIBDIR_value=
ac_cv_env_PKG_CONFIG_PATH_set=set
ac_cv_env_PKG_CONFIG_PATH_value=/home/ros/workspaces/ros-central-registry/workspace/install/osrf_testing_tools_cpp/lib/x86_64-linux-gnu/pkgconfig:/home/ros/workspaces/ros-central-registry/workspace/install/osrf_testing_tools_cpp/lib/pkgconfig:/home/ros/workspaces/ros-central-registry/workspace/install/cyclonedds/lib/x86_64-linux-gnu/pkgconfig:/home/ros/workspaces/ros-central-registry/workspace/install/cyclonedds/lib/pkgconfig:/home/ros/workspaces/ros-central-registry/workspace/install/iceoryx_posh/lib/x86_64-linux-gnu/pkgconfig:/home/ros/workspaces/ros-central-registry/workspace/install/iceoryx_posh/lib/pkgconfig:/home/ros/workspaces/ros-central-registry/workspace/install/iceoryx_hoofs/lib/x86_64-linux-gnu/pkgconfig:/home/ros/workspaces/ros-central-registry/workspace/install/iceoryx_hoofs/lib/pkgconfig:/home/ros/workspaces/ros-central-registry/workspace/install/iceoryx_binding_c/lib/x86_64-linux-gnu/pkgconfig:/home/ros/workspaces/ros-central-registry/workspace/install/iceoryx_binding_c/lib/pkgconfig:/home/ros/workspaces/ros-central-registry/workspace/install/gmock_vendor/lib/x86_64-linux-gnu/pkgconfig:/home/ros/workspaces/ros-central-registry/workspace/install/gmock_vendor/lib/pkgconfig:/home/ros/workspaces/ros-central-registry/workspace/install/gtest_vendor/lib/x86_64-linux-gnu/pkgconfig:/home/ros/workspaces/ros-central-registry/workspace/install/gtest_vendor/lib/pkgconfig:/home/ros/workspaces/ros-central-registry/workspace/install/google_benchmark_vendor/lib/x86_64-linux-gnu/pkgconfig:/home/ros/workspaces/ros-central-registry/workspace/install/google_benchmark_vendor/lib/pkgconfig:/home/ros/workspaces/ros-central-registry/workspace/install/foonathan_memory_vendor/lib/x86_64-linux-gnu/pkgconfig:/home/ros/workspaces/ros-central-registry/workspace/install/foonathan_memory_vendor/lib/pkgconfig
ac_cv_env_PKG_CONFIG_set=
ac_cv_env_PKG_CONFIG_value=
ac_cv_env_PYTHON_set=
ac_cv_env_PYTHON_value=
ac_cv_env_URCU_CFLAGS_set=
ac_cv_env_URCU_CFLAGS_value=
ac_cv_env_URCU_LIBS_set=
ac_cv_env_URCU_LIBS_value=
ac_cv_env_build_alias_set=
ac_cv_env_build_alias_value=
ac_cv_env_host_alias_set=
ac_cv_env_host_alias_value=
ac_cv_env_target_alias_set=
ac_cv_env_target_alias_value=
ac_cv_header_inttypes_h=yes
ac_cv_header_minix_config_h=no
ac_cv_header_stdint_h=yes
ac_cv_header_stdio_h=yes
ac_cv_header_stdlib_h=yes
ac_cv_header_string_h=yes
ac_cv_header_strings_h=yes
ac_cv_header_sys_param_h=yes
ac_cv_header_sys_stat_h=yes
ac_cv_header_sys_types_h=yes
ac_cv_header_unistd_h=yes
ac_cv_header_vfork_h=no
ac_cv_header_wchar_h=yes
ac_cv_host=x86_64-pc-linux-gnu
ac_cv_objext=o
ac_cv_path_EGREP='/usr/bin/grep -E'
ac_cv_path_GREP=/usr/bin/grep
ac_cv_path_SED=/usr/bin/sed
ac_cv_path_install='/usr/bin/install -c'
ac_cv_path_mkdir=/usr/bin/mkdir
ac_cv_prog_AWK=mawk
ac_cv_prog_CPP='gcc -E'
ac_cv_prog_ac_ct_CC=gcc
ac_cv_prog_cc_c11=
ac_cv_prog_cc_g=yes
ac_cv_prog_cc_stdc=
ac_cv_prog_make_make_set=yes
ac_cv_safe_to_define___extensions__=yes
ac_cv_should_define__xopen_source=no
ac_cv_sys_file_offset_bits=no
ac_cv_sys_largefile_CC=no
ac_cv_target=x86_64-pc-linux-gnu
am_cv_CC_dependencies_compiler_type=gcc3
am_cv_make_support_nested_variables=yes
am_cv_prog_cc_c_o=yes
am_cv_prog_tar_ustar=gnutar
ax_cv_PTHREAD_CLANG=no
ax_cv___attribute__=yes

## ----------------- ##
## Output variables. ##
## ----------------- ##

ACLOCAL='${SHELL} '\''/home/ros/workspaces/ros-central-registry/workspace_bazel/thirdparty/lttng-ust/config/missing'\'' aclocal-1.16'
AMDEPBACKSLASH='\'
AMDEP_FALSE='#'
AMDEP_TRUE=''
AMTAR='$${TAR-tar}'
AM_BACKSLASH='\'
AM_CFLAGS=''
AM_CPPFLAGS=''
AM_CXXFLAGS=''
AM_DEFAULT_V='$(AM_DEFAULT_VERBOSITY)'
AM_DEFAULT_VERBOSITY='0'
AM_V='$(V)'
AR=''
ASCIIDOC=''
AUTOCONF='${SHELL} '\''/home/ros/workspaces/ros-central-registry/workspace_bazel/thirdparty/lttng-ust/config/missing'\'' autoconf'
AUTOHEADER='${SHELL} '\''/home/ros/workspaces/ros-central-registry/workspace_bazel/thirdparty/lttng-ust/config/missing'\'' autoheader'
AUTOMAKE='${SHELL} '\''/home/ros/workspaces/ros-central-registry/workspace_bazel/thirdparty/lttng-ust/config/missing'\'' automake-1.16'
AWK='mawk'
CC='gcc'
CCDEPMODE='depmode=gcc3'
CFLAGS='-g -O2 -pthread'
CLASSPATH=''
CMAKE=''
CPP='gcc -E'
CPPFLAGS=''
CSCOPE='cscope'
CTAGS='ctags'
CXX=''
CXXCPP=''
CXXDEPMODE=''
CXXFLAGS=''
CYGPATH_W='echo'
DEFS=''
DEPDIR='.deps'
DLLTOOL=''
DL_LIBS=''
DSYMUTIL=''
DUMPBIN=''
ECHO_C=''
ECHO_N='-n'
ECHO_T=''
EGREP='/usr/bin/grep -E'
ENABLE_EXAMPLES_FALSE=''
ENABLE_EXAMPLES_TRUE=''
ENABLE_GEN_TP_EXAMPLES_FALSE=''
ENABLE_GEN_TP_EXAMPLES_TRUE=''
ENABLE_JAVA_AGENT_FALSE=''
ENABLE_JAVA_AGENT_TRUE=''
ENABLE_JAVA_AGENT_WITH_JUL_FALSE=''
ENABLE_JAVA_AGENT_WITH_JUL_TRUE=''
ENABLE_JAVA_AGENT_WITH_LOG4J2_FALSE=''
ENABLE_JAVA_AGENT_WITH_LOG4J2_TRUE=''
ENABLE_JAVA_AGENT_WITH_LOG4J_COMMON_FALSE=''
ENABLE_JAVA_AGENT_WITH_LOG4J_COMMON_TRUE=''
ENABLE_JAVA_AGENT_WITH_LOG4J_FALSE=''
ENABLE_JAVA_AGENT_WITH_LOG4J_TRUE=''
ENABLE_JNI_INTERFACE_FALSE=''
ENABLE_JNI_INTERFACE_TRUE=''
ENABLE_MAN_PAGES_FALSE=''
ENABLE_MAN_PAGES_TRUE=''
ENABLE_NUMA_FALSE=''
ENABLE_NUMA_TRUE=''
ENABLE_PYTHON_AGENT_FALSE=''
ENABLE_PYTHON_AGENT_TRUE=''
ENABLE_UST_DL_FALSE=''
ENABLE_UST_DL_TRUE=''
ETAGS='etags'
EXEEXT=''
FGREP=''
FILECMD=''
FOLD=''
GREP='/usr/bin/grep'
HAVE_ASCIIDOC_XMLTO_FALSE=''
HAVE_ASCIIDOC_XMLTO_TRUE=''
HAVE_CMAKE_FALSE=''
HAVE_CMAKE_TRUE=''
HAVE_CXX11=''
HAVE_CXX_FALSE=''
HAVE_CXX_TRUE=''
HAVE_JAVAH_FALSE=''
HAVE_JAVAH_TRUE=''
HAVE_PERF_EVENT_FALSE=''
HAVE_PERF_EVENT_TRUE=''
HAVE_PYTHON_312_OR_GREATER_FALSE=''
HAVE_PYTHON_312_OR_GREATER_TRUE=''
INSTALL_DATA='${INSTALL} -m 644'
INSTALL_PROGRAM='${INSTALL}'
INSTALL_SCRIPT='${INSTALL}'
INSTALL_STRIP_PROGRAM='$(install_sh) -c -s'
JAR=''
JAVA=''
JAVAC=''
JAVACFLAGS=''
JAVAFLAGS=''
JAVAH=''
JAVAPREFIX=''
JNI_CPPFLAGS=''
LD=''
LDFLAGS=''
LIBOBJS=''
LIBS='-lpthread '
LIBTOOL=''
LIPO=''
LN_S=''
LTLIBOBJS=''
LTTNG_UST_CTL_LIBRARY_VERSION=''
LTTNG_UST_LIBRARY_VERSION=''
LTTNG_UST_LIB_SONAME_MAJOR=''
LTTNG_UST_MAJOR_VERSION=''
LTTNG_UST_MINOR_VERSION=''
LT_SYS_LIBRARY_PATH=''
MAINT=''
MAINTAINER_MODE_FALSE='#'
MAINTAINER_MODE_TRUE=''
MAKEINFO='${SHELL} '\''/home/ros/workspaces/ros-central-registry/workspace_bazel/thirdparty/lttng-ust/config/missing'\'' makeinfo'
MANIFEST_TOOL=''
MKDIR_P='/usr/bin/mkdir -p'
NM=''
NMEDIT=''
OBJDUMP=''
OBJEXT='o'
OTOOL64=''
OTOOL=''
PACKAGE='lttng-ust'
PACKAGE_BUGREPORT='mathieu dot desnoyers at efficios dot com'
PACKAGE_NAME='lttng-ust'
PACKAGE_STRING='lttng-ust 2.15.0-pre'
PACKAGE_TARNAME='lttng-ust'
PACKAGE_URL='https://lttng.org'
PACKAGE_VERSION='2.15.0-pre'
PATH_SEPARATOR=':'
PKG_CONFIG=''
PKG_CONFIG_LIBDIR=''
PKG_CONFIG_PATH='/home/ros/workspaces/ros-central-registry/workspace/install/osrf_testing_tools_cpp/lib/x86_64-linux-gnu/pkgconfig:/home/ros/workspaces/ros-central-registry/workspace/install/osrf_testing_tools_cpp/lib/pkgconfig:/home/ros/workspaces/ros-central-registry/workspace/install/cyclonedds/lib/x86_64-linux-gnu/pkgconfig:/home/ros/workspaces/ros-central-registry/workspace/install/cyclonedds/lib/pkgconfig:/home/ros/workspaces/ros-central-registry/workspace/install/iceoryx_posh/lib/x86_64-linux-gnu/pkgconfig:/home/ros/workspaces/ros-central-registry/workspace/install/iceoryx_posh/lib/pkgconfig:/home/ros/workspaces/ros-central-registry/workspace/install/iceoryx_hoofs/lib/x86_64-linux-gnu/pkgconfig:/home/ros/workspaces/ros-central-registry/workspace/install/iceoryx_hoofs/lib/pkgconfig:/home/ros/workspaces/ros-central-registry/workspace/install/iceoryx_binding_c/lib/x86_64-linux-gnu/pkgconfig:/home/ros/workspaces/ros-central-registry/workspace/install/iceoryx_binding_c/lib/pkgconfig:/home/ros/workspaces/ros-central-registry/workspace/install/gmock_vendor/lib/x86_64-linux-gnu/pkgconfig:/home/ros/workspaces/ros-central-registry/workspace/install/gmock_vendor/lib/pkgconfig:/home/ros/workspaces/ros-central-registry/workspace/install/gtest_vendor/lib/x86_64-linux-gnu/pkgconfig:/home/ros/workspaces/ros-central-registry/workspace/install/gtest_vendor/lib/pkgconfig:/home/ros/workspaces/ros-central-registry/workspace/install/google_benchmark_vendor/lib/x86_64-linux-gnu/pkgconfig:/home/ros/workspaces/ros-central-registry/workspace/install/google_benchmark_vendor/lib/pkgconfig:/home/ros/workspaces/ros-central-registry/workspace/install/foonathan_memory_vendor/lib/x86_64-linux-gnu/pkgconfig:/home/ros/workspaces/ros-central-registry/workspace/install/foonathan_memory_vendor/lib/pkgconfig'
PTHREAD_CC=''
PTHREAD_CFLAGS='-pthread'
PTHREAD_CXX=''
PTHREAD_LIBS='-lpthread'
PYTHON=''
PYTHON_EXEC_PREFIX=''
PYTHON_PLATFORM=''
PYTHON_PREFIX=''
PYTHON_VERSION=''
RANLIB=''
SED='/usr/bin/sed'
SET_MAKE=''
SHELL='/bin/bash'
STRIP=''
URCU_CFLAGS=''
URCU_LIBS=''
VERSION='2.15.0-pre'
WEAK_ALIAS=''
WEAK_ALIAS_CROSSFILE=''
XMLTO=''
_ACJNI_JAVAC=''
ac_ct_AR=''
ac_ct_CC='gcc'
ac_ct_CXX=''
ac_ct_DUMPBIN=''
ae_pprint_tput=''
am__EXEEXT_FALSE=''
am__EXEEXT_TRUE=''
am__fastdepCC_FALSE='#'
am__fastdepCC_TRUE=''
am__fastdepCXX_FALSE=''
am__fastdepCXX_TRUE=''
am__include='include'
am__isrc=''
am__leading_dot='.'
am__nodep='_no'
am__quote=''
am__tar='tar --format=ustar -chf - "$$tardir"'
am__untar='tar -xf -'
ax_pthread_config=''
bindir='${exec_prefix}/bin'
build='x86_64-pc-linux-gnu'
build_alias=''
build_cpu='x86_64'
build_os='linux-gnu'
build_vendor='pc'
datadir='${datarootdir}'
datarootdir='${prefix}/share'
docdir='${datarootdir}/doc/${PACKAGE_TARNAME}'
dvidir='${docdir}'
exec_prefix='NONE'
host='x86_64-pc-linux-gnu'
host_alias=''
host_cpu='x86_64'
host_os='linux-gnu'
host_vendor='pc'
htmldir='${docdir}'
includedir='${prefix}/include'
infodir='${datarootdir}/info'
install_sh='${SHELL} /home/ros/workspaces/ros-central-registry/workspace_bazel/thirdparty/lttng-ust/config/install-sh'
libdir='${exec_prefix}/lib'
libexecdir='${exec_prefix}/libexec'
localedir='${datarootdir}/locale'
localstatedir='${prefix}/var'
mandir='${datarootdir}/man'
mkdir_p='$(MKDIR_P)'
oldincludedir='/usr/include'
pdfdir='${docdir}'
pkgpyexecdir=''
pkgpythondir=''
prefix='NONE'
program_transform_name='s,x,x,'
psdir='${docdir}'
pyexecdir=''
pythondir=''
runstatedir='${localstatedir}/run'
sbindir='${exec_prefix}/sbin'
sharedstatedir='${prefix}/com'
sysconfdir='${prefix}/etc'
target='x86_64-pc-linux-gnu'
target_alias=''
target_cpu='x86_64'
target_os='linux-gnu'
target_vendor='pc'

## ----------- ##
## confdefs.h. ##
## ----------- ##

/* confdefs.h */
#define PACKAGE_NAME "lttng-ust"
#define PACKAGE_TARNAME "lttng-ust"
#define PACKAGE_VERSION "2.15.0-pre"
#define PACKAGE_STRING "lttng-ust 2.15.0-pre"
#define PACKAGE_BUGREPORT "mathieu dot desnoyers at efficios dot com"
#define PACKAGE_URL "https://lttng.org"
#define PACKAGE "lttng-ust"
#define VERSION "2.15.0-pre"
#define HAVE_STDIO_H 1
#define HAVE_STDLIB_H 1
#define HAVE_STRING_H 1
#define HAVE_INTTYPES_H 1
#define HAVE_STDINT_H 1
#define HAVE_STRINGS_H 1
#define HAVE_SYS_STAT_H 1
#define HAVE_SYS_TYPES_H 1
#define HAVE_UNISTD_H 1
#define HAVE_WCHAR_H 1
#define HAVE_SYS_PARAM_H 1
#define STDC_HEADERS 1
#define _ALL_SOURCE 1
#define _DARWIN_C_SOURCE 1
#define _GNU_SOURCE 1
#define _HPUX_ALT_XOPEN_SOCKET_API 1
#define _NETBSD_SOURCE 1
#define _OPENBSD_SOURCE 1
#define _POSIX_PTHREAD_SEMANTICS 1
#define __STDC_WANT_IEC_60559_ATTRIBS_EXT__ 1
#define __STDC_WANT_IEC_60559_BFP_EXT__ 1
#define __STDC_WANT_IEC_60559_DFP_EXT__ 1
#define __STDC_WANT_IEC_60559_FUNCS_EXT__ 1
#define __STDC_WANT_IEC_60559_TYPES_EXT__ 1
#define __STDC_WANT_LIB_EXT2__ 1
#define __STDC_WANT_MATH_SPEC_FUNCS__ 1
#define _TANDEM_SOURCE 1
#define __EXTENSIONS__ 1
#define HAVE___ATTRIBUTE__ 1

configure: caught signal 2
configure: exit 1
